.
в”њв”Ђв”Ђ README.md
в”њв”Ђв”Ђ __pycache__
в”‚В В  в”њв”Ђв”Ђ main.cpython-311.pyc
в”‚В В  в””в”Ђв”Ђ main.cpython-313.pyc
в”њв”Ђв”Ђ ai_instance_manager.code-workspace
в”њв”Ђв”Ђ app
в”‚В В  в”њв”Ђв”Ђ __pycache__
в”‚В В  в”‚В В  в”њв”Ђв”Ђ __init__.cpython-311.pyc
в”‚В В  в”‚В В  в”њв”Ђв”Ђ __init__.cpython-313.pyc
в”‚В В  в”‚В В  в”њв”Ђв”Ђ config.cpython-311.pyc
в”‚В В  в”‚В В  в”њв”Ђв”Ђ config.cpython-313.pyc
в”‚В В  в”‚В В  в”њв”Ђв”Ђ database.cpython-311.pyc
в”‚В В  в”‚В В  в”њв”Ђв”Ђ database.cpython-313.pyc
в”‚В В  в”‚В В  в”њв”Ђв”Ђ logging_service.cpython-311.pyc
в”‚В В  в”‚В В  в””в”Ђв”Ђ logging_service.cpython-313.pyc
в”‚В В  в”њв”Ђв”Ђ config.py
в”‚В В  в”њв”Ђв”Ђ database.py
в”‚В В  в””в”Ђв”Ђ logging_service.py
в”њв”Ђв”Ђ clear_cache.sh
в”њв”Ђв”Ђ download_models_and_weights.py
в”њв”Ђв”Ђ download_models_and_weights.sh
в”њв”Ђв”Ђ folder_structure.md
в”њв”Ђв”Ђ idea.md
в”њв”Ђв”Ђ main.py
в”њв”Ђв”Ђ models
в”‚В В  в”њв”Ђв”Ђ __pycache__
в”‚В В  в”‚В В  в”њв”Ђв”Ђ __init__.cpython-311.pyc
в”‚В В  в”‚В В  в”њв”Ђв”Ђ __init__.cpython-313.pyc
в”‚В В  в”‚В В  в”њв”Ђв”Ђ event_log_model.cpython-311.pyc
в”‚В В  в”‚В В  в”њв”Ђв”Ђ event_log_model.cpython-313.pyc
в”‚В В  в”‚В В  в”њв”Ђв”Ђ keyboard_models.cpython-311.pyc
в”‚В В  в”‚В В  в”њв”Ђв”Ђ keyboard_models.cpython-313.pyc
в”‚В В  в”‚В В  в”њв”Ђв”Ђ mouse_models.cpython-311.pyc
в”‚В В  в”‚В В  в””в”Ђв”Ђ mouse_models.cpython-313.pyc
в”‚В В  в”њв”Ђв”Ђ event_log_model.py
в”‚В В  в”њв”Ђв”Ђ keyboard_models.py
в”‚В В  в””в”Ђв”Ђ mouse_models.py
в”њв”Ђв”Ђ output
в”‚В В  в”њв”Ђв”Ђ annotated
в”‚В В  в”‚В В  в””в”Ђв”Ђ annotated_screenshot_2026-03-10_18-34-32.png
в”‚В В  в”њв”Ђв”Ђ json
в”‚В В  в””в”Ђв”Ђ screenshots
в”‚В В      в”њв”Ђв”Ђ screenshot_2026-03-10_14-44-52.png
в”‚В В      в””в”Ђв”Ђ screenshot_2026-03-10_18-34-32.png
в”њв”Ђв”Ђ requirements.txt
в”њв”Ђв”Ђ roadmap.md
в”њв”Ђв”Ђ routes
в”‚В В  в”њв”Ђв”Ђ __pycache__
в”‚В В  в”‚В В  в”њв”Ђв”Ђ __init__.cpython-311.pyc
в”‚В В  в”‚В В  в”њв”Ђв”Ђ __init__.cpython-313.pyc
в”‚В В  в”‚В В  в”њв”Ђв”Ђ health.cpython-311.pyc
в”‚В В  в”‚В В  в”њв”Ђв”Ђ health.cpython-313.pyc
в”‚В В  в”‚В В  в”њв”Ђв”Ђ keyboard.cpython-311.pyc
в”‚В В  в”‚В В  в”њв”Ђв”Ђ keyboard.cpython-313.pyc
в”‚В В  в”‚В В  в”њв”Ђв”Ђ mouse.cpython-311.pyc
в”‚В В  в”‚В В  в”њв”Ђв”Ђ mouse.cpython-313.pyc
в”‚В В  в”‚В В  в”њв”Ђв”Ђ screen.cpython-311.pyc
в”‚В В  в”‚В В  в”њв”Ђв”Ђ screen.cpython-313.pyc
в”‚В В  в”‚В В  в”њв”Ђв”Ђ vision.cpython-311.pyc
в”‚В В  в”‚В В  в””в”Ђв”Ђ vision.cpython-313.pyc
в”‚В В  в”њв”Ђв”Ђ health.py
в”‚В В  в”њв”Ђв”Ђ keyboard.py
в”‚В В  в”њв”Ђв”Ђ mouse.py
в”‚В В  в”њв”Ђв”Ђ screen.py
в”‚В В  в””в”Ђв”Ђ vision.py
в”њв”Ђв”Ђ run.sh
в”њв”Ђв”Ђ services
в”‚В В  в”њв”Ђв”Ђ __pycache__
в”‚В В  в”‚В В  в”њв”Ђв”Ђ __init__.cpython-311.pyc
в”‚В В  в”‚В В  в”њв”Ђв”Ђ __init__.cpython-313.pyc
в”‚В В  в”‚В В  в”њв”Ђв”Ђ keyboard_service.cpython-311.pyc
в”‚В В  в”‚В В  в”њв”Ђв”Ђ keyboard_service.cpython-313.pyc
в”‚В В  в”‚В В  в”њв”Ђв”Ђ mouse_service.cpython-311.pyc
в”‚В В  в”‚В В  в”њв”Ђв”Ђ mouse_service.cpython-313.pyc
в”‚В В  в”‚В В  в”њв”Ђв”Ђ screen_service.cpython-311.pyc
в”‚В В  в”‚В В  в”њв”Ђв”Ђ screen_service.cpython-313.pyc
в”‚В В  в”‚В В  в”њв”Ђв”Ђ vision_service.cpython-311.pyc
в”‚В В  в”‚В В  в””в”Ђв”Ђ vision_service.cpython-313.pyc
в”‚В В  в”њв”Ђв”Ђ keyboard_service.py
в”‚В В  в”њв”Ђв”Ђ mouse_service.py
в”‚В В  в”њв”Ђв”Ђ screen_service.py
в”‚В В  в””в”Ђв”Ђ vision_service.py
в”њв”Ђв”Ђ setup_and_run.md
в”њв”Ђв”Ђ tests
в”‚В В  в”њв”Ђв”Ђ __pycache__
в”‚В В  в”‚В В  в”њв”Ђв”Ђ __init__.cpython-313.pyc
в”‚В В  в”‚В В  в”њв”Ђв”Ђ test_keyboard.cpython-311.pyc
в”‚В В  в”‚В В  в”њв”Ђв”Ђ test_keyboard.cpython-313.pyc
в”‚В В  в”‚В В  в”њв”Ђв”Ђ test_mouse.cpython-311.pyc
в”‚В В  в”‚В В  в”њв”Ђв”Ђ test_mouse.cpython-313.pyc
в”‚В В  в”‚В В  в”њв”Ђв”Ђ test_screen.cpython-311.pyc
в”‚В В  в”‚В В  в”њв”Ђв”Ђ test_screen.cpython-313.pyc
в”‚В В  в”‚В В  в”њв”Ђв”Ђ test_vision.cpython-311.pyc
в”‚В В  в”‚В В  в””в”Ђв”Ђ test_vision.cpython-313.pyc
в”‚В В  в”њв”Ђв”Ђ test_keyboard.py
в”‚В В  в”њв”Ђв”Ђ test_mouse.py
в”‚В В  в”њв”Ђв”Ђ test_screen.py
в”‚В В  в””в”Ђв”Ђ test_vision.py
в”њв”Ђв”Ђ to-do.md
в”њв”Ђв”Ђ tree.log
в”њв”Ђв”Ђ utils
в”‚В В  в”њв”Ђв”Ђ __pycache__
в”‚В В  в”‚В В  в”њв”Ђв”Ђ __init__.cpython-313.pyc
в”‚В В  в”‚В В  в”њв”Ђв”Ђ helpers.cpython-311.pyc
в”‚В В  в”‚В В  в””в”Ђв”Ђ helpers.cpython-313.pyc
в”‚В В  в””в”Ђв”Ђ helpers.py
в””в”Ђв”Ђ weights
    в”њв”Ђв”Ђ icon_caption_florence
    в”‚В В  в”њв”Ђв”Ђ config.json
    в”‚В В  в”њв”Ђв”Ђ generation_config.json
    в”‚В В  в””в”Ђв”Ђ model.safetensors
    в””в”Ђв”Ђ icon_detect
        в”њв”Ђв”Ђ model.pt
        в”њв”Ђв”Ђ model.yaml
        в””в”Ђв”Ђ train_args.yaml

21 directories, 95 files
